<?xml version="1.0" encoding="UTF-8"?>
<robot generator="Robot 5.0.1 (Python 3.10.6 on darwin)" generated="20221219 18:32:27.848" rpa="false" schemaversion="3">
<suite id="s1" name="RestAPITesting" source="/Users/roselyncaintoy/PycharmProjects/APITest/TestCase/RestAPITesting.robot">
<test id="s1-t1" name="Verify GET Request and validate the response code and response body" line="10">
<kw name="Load Json From File" library="JSONLibrary">
<var>${json_obj}</var>
<arg>${testdata_location}</arg>
<doc>Load JSON from file.</doc>
<msg timestamp="20221219 18:32:28.169" level="INFO">${json_obj} = {'BaseUrl': {'baseUrl': 'https://reqres.in'}, 'GETRequest': {'endpoint': '/api/users/2', 'email': 'janet.weaver@reqres.in', 'first_name': 'Janet', 'last_name': 'Weaver'}, 'POSTRequest': {'endpoint': '...</msg>
<status status="PASS" starttime="20221219 18:32:28.168" endtime="20221219 18:32:28.169"/>
</kw>
<kw name="Get Value From Json" library="JSONLibrary">
<var>${baseUrl}</var>
<arg>${json_obj}</arg>
<arg>BaseUrl.baseUrl</arg>
<doc>Get Value From JSON using JSONPath</doc>
<msg timestamp="20221219 18:32:28.196" level="INFO">${baseUrl} = ['https://reqres.in']</msg>
<status status="PASS" starttime="20221219 18:32:28.169" endtime="20221219 18:32:28.196"/>
</kw>
<kw name="Get Value From Json" library="JSONLibrary">
<var>${endpoint}</var>
<arg>${json_obj}</arg>
<arg>GETRequest.endpoint</arg>
<doc>Get Value From JSON using JSONPath</doc>
<msg timestamp="20221219 18:32:28.217" level="INFO">${endpoint} = ['/api/users/2']</msg>
<status status="PASS" starttime="20221219 18:32:28.196" endtime="20221219 18:32:28.217"/>
</kw>
<kw name="Create Session" library="RequestsLibrary">
<arg>mysession</arg>
<arg>${baseUrl[0]}</arg>
<doc>Create Session: create a HTTP session to a server</doc>
<msg timestamp="20221219 18:32:28.218" level="INFO">Creating Session using : alias=mysession, url=https://reqres.in, headers={},                     cookies={}, auth=None, timeout=None, proxies=None, verify=False,                     debug=0 </msg>
<status status="PASS" starttime="20221219 18:32:28.217" endtime="20221219 18:32:28.218"/>
</kw>
<kw name="GET On Session" library="RequestsLibrary">
<var>${response}</var>
<arg>mysession</arg>
<arg>${endpoint[0]}</arg>
<doc>Sends a GET request on a previously created HTTP Session.</doc>
<msg timestamp="20221219 18:32:28.778" level="INFO">GET Request : url=https://reqres.in/api/users/2 
 path_url=/api/users/2 
 headers={'User-Agent': 'python-requests/2.28.1', 'Accept-Encoding': 'gzip, deflate, br', 'Accept': '*/*', 'Connection': 'keep-alive'} 
 body=None 
 </msg>
<msg timestamp="20221219 18:32:28.778" level="INFO">GET Response : url=https://reqres.in/api/users/2 
 status=200, reason=OK 
 headers={'Date': 'Mon, 19 Dec 2022 10:32:29 GMT', 'Content-Type': 'application/json; charset=utf-8', 'Transfer-Encoding': 'chunked', 'Connection': 'keep-alive', 'X-Powered-By': 'Express', 'Access-Control-Allow-Origin': '*', 'Etag': 'W/"118-pbdwwFo9SKNhD3Lx5iHJyngpq00"', 'Via': '1.1 vegur', 'Cache-Control': 'max-age=14400', 'CF-Cache-Status': 'HIT', 'Age': '5433', 'Report-To': '{"endpoints":[{"url":"https:\\/\\/a.nel.cloudflare.com\\/report\\/v3?s=oIbQa3EtA4eo1JKq5B%2F37VUzCyoMQEaqQR8fSGoBNAv3X9xNeNDAAo1WKmtB5dDXWvprLf4u6QiIo0rZnmzn7qAdtcNSqd46aZWUoz9I2snkE7QsMLgZLOxY7A%3D%3D"}],"group":"cf-nel","max_age":604800}', 'NEL': '{"success_fraction":0,"report_to":"cf-nel","max_age":604800}', 'Vary': 'Accept-Encoding', 'Server': 'cloudflare', 'CF-RAY': '77bf797dea9c4822-SIN', 'Content-Encoding': 'br'} 
 body={"data":{"id":2,"email":"janet.weaver@reqres.in","first_name":"Janet","last_name":"Weaver","avatar":"https://reqres.in/img/faces/2-image.jpg"},"support":{"url":"https://reqres.in/#support-heading","text":"To keep ReqRes free, contributions towards server costs are appreciated!"}} 
 </msg>
<msg timestamp="20221219 18:32:28.779" level="INFO">/Library/Frameworks/Python.framework/Versions/3.10/lib/python3.10/site-packages/urllib3/connectionpool.py:1045: InsecureRequestWarning: Unverified HTTPS request is being made to host 'reqres.in'. Adding certificate verification is strongly advised. See: https://urllib3.readthedocs.io/en/1.26.x/advanced-usage.html#ssl-warnings
  warnings.warn(</msg>
<msg timestamp="20221219 18:32:28.779" level="INFO">${response} = &lt;Response [200]&gt;</msg>
<status status="PASS" starttime="20221219 18:32:28.218" endtime="20221219 18:32:28.779"/>
</kw>
<kw name="Convert To String" library="BuiltIn">
<var>${status_response}</var>
<arg>${response.status_code}</arg>
<doc>Converts the given item to a Unicode string.</doc>
<msg timestamp="20221219 18:32:28.780" level="INFO">${status_response} = 200</msg>
<status status="PASS" starttime="20221219 18:32:28.779" endtime="20221219 18:32:28.780"/>
</kw>
<kw name="Get Value From Json" library="JSONLibrary">
<var>${expected_email}</var>
<arg>${json_obj}</arg>
<arg>GETRequest.email</arg>
<doc>Get Value From JSON using JSONPath</doc>
<msg timestamp="20221219 18:32:28.800" level="INFO">${expected_email} = ['janet.weaver@reqres.in']</msg>
<status status="PASS" starttime="20221219 18:32:28.780" endtime="20221219 18:32:28.800"/>
</kw>
<kw name="Get Value From Json" library="JSONLibrary">
<var>${expected_firstname}</var>
<arg>${json_obj}</arg>
<arg>GETRequest.first_name</arg>
<doc>Get Value From JSON using JSONPath</doc>
<msg timestamp="20221219 18:32:28.820" level="INFO">${expected_firstname} = ['Janet']</msg>
<status status="PASS" starttime="20221219 18:32:28.800" endtime="20221219 18:32:28.820"/>
</kw>
<kw name="Get Value From Json" library="JSONLibrary">
<var>${expected_lastname}</var>
<arg>${json_obj}</arg>
<arg>GETRequest.last_name</arg>
<doc>Get Value From JSON using JSONPath</doc>
<msg timestamp="20221219 18:32:28.840" level="INFO">${expected_lastname} = ['Weaver']</msg>
<status status="PASS" starttime="20221219 18:32:28.820" endtime="20221219 18:32:28.840"/>
</kw>
<kw name="Set Variable" library="BuiltIn">
<var>${response_body}</var>
<arg>${response.json()}</arg>
<doc>Returns the given values which can then be assigned to a variables.</doc>
<msg timestamp="20221219 18:32:28.841" level="INFO">${response_body} = {'data': {'id': 2, 'email': 'janet.weaver@reqres.in', 'first_name': 'Janet', 'last_name': 'Weaver', 'avatar': 'https://reqres.in/img/faces/2-image.jpg'}, 'support': {'url': 'https://reqres.in/#support...</msg>
<status status="PASS" starttime="20221219 18:32:28.840" endtime="20221219 18:32:28.841"/>
</kw>
<kw name="Get Value From Json" library="JSONLibrary">
<var>${actual_email}</var>
<arg>${response_body}</arg>
<arg>data.email</arg>
<doc>Get Value From JSON using JSONPath</doc>
<msg timestamp="20221219 18:32:28.871" level="INFO">${actual_email} = ['janet.weaver@reqres.in']</msg>
<status status="PASS" starttime="20221219 18:32:28.841" endtime="20221219 18:32:28.871"/>
</kw>
<kw name="Get Value From Json" library="JSONLibrary">
<var>${actual_firstname}</var>
<arg>${response_body}</arg>
<arg>data.first_name</arg>
<doc>Get Value From JSON using JSONPath</doc>
<msg timestamp="20221219 18:32:28.889" level="INFO">${actual_firstname} = ['Janet']</msg>
<status status="PASS" starttime="20221219 18:32:28.871" endtime="20221219 18:32:28.889"/>
</kw>
<kw name="Get Value From Json" library="JSONLibrary">
<var>${actual_lastname}</var>
<arg>${response_body}</arg>
<arg>data.last_name</arg>
<doc>Get Value From JSON using JSONPath</doc>
<msg timestamp="20221219 18:32:28.910" level="INFO">${actual_lastname} = ['Weaver']</msg>
<status status="PASS" starttime="20221219 18:32:28.889" endtime="20221219 18:32:28.911"/>
</kw>
<kw name="Should Be Equal" library="BuiltIn">
<arg>${actual_email[0]}</arg>
<arg>${expected_email[0]}</arg>
<doc>Fails if the given objects are unequal.</doc>
<status status="PASS" starttime="20221219 18:32:28.911" endtime="20221219 18:32:28.912"/>
</kw>
<kw name="Should Be Equal" library="BuiltIn">
<arg>${actual_firstname[0]}</arg>
<arg>${expected_firstname[0]}</arg>
<doc>Fails if the given objects are unequal.</doc>
<status status="PASS" starttime="20221219 18:32:28.912" endtime="20221219 18:32:28.913"/>
</kw>
<kw name="Should Be Equal" library="BuiltIn">
<arg>${actual_lastname[0]}</arg>
<arg>${expected_lastname[0]}</arg>
<doc>Fails if the given objects are unequal.</doc>
<status status="PASS" starttime="20221219 18:32:28.913" endtime="20221219 18:32:28.914"/>
</kw>
<status status="PASS" starttime="20221219 18:32:28.167" endtime="20221219 18:32:28.914"/>
</test>
<test id="s1-t2" name="Verify POST Request and validate the response code, response body, and response headers" line="38">
<kw name="Load Json From File" library="JSONLibrary">
<var>${json_obj}</var>
<arg>${testdata_location}</arg>
<doc>Load JSON from file.</doc>
<msg timestamp="20221219 18:32:28.916" level="INFO">${json_obj} = {'BaseUrl': {'baseUrl': 'https://reqres.in'}, 'GETRequest': {'endpoint': '/api/users/2', 'email': 'janet.weaver@reqres.in', 'first_name': 'Janet', 'last_name': 'Weaver'}, 'POSTRequest': {'endpoint': '...</msg>
<status status="PASS" starttime="20221219 18:32:28.915" endtime="20221219 18:32:28.916"/>
</kw>
<kw name="Get Value From Json" library="JSONLibrary">
<var>${baseUrl}</var>
<arg>${json_obj}</arg>
<arg>BaseUrl.baseUrl</arg>
<doc>Get Value From JSON using JSONPath</doc>
<msg timestamp="20221219 18:32:28.936" level="INFO">${baseUrl} = ['https://reqres.in']</msg>
<status status="PASS" starttime="20221219 18:32:28.916" endtime="20221219 18:32:28.936"/>
</kw>
<kw name="Get Value From Json" library="JSONLibrary">
<var>${endpoint}</var>
<arg>${json_obj}</arg>
<arg>POSTRequest.endpoint</arg>
<doc>Get Value From JSON using JSONPath</doc>
<msg timestamp="20221219 18:32:28.954" level="INFO">${endpoint} = ['/api/users']</msg>
<status status="PASS" starttime="20221219 18:32:28.936" endtime="20221219 18:32:28.954"/>
</kw>
<kw name="Get Value From Json" library="JSONLibrary">
<var>${expected_name}</var>
<arg>${json_obj}</arg>
<arg>POSTRequest.name</arg>
<doc>Get Value From JSON using JSONPath</doc>
<msg timestamp="20221219 18:32:28.974" level="INFO">${expected_name} = ['John']</msg>
<status status="PASS" starttime="20221219 18:32:28.954" endtime="20221219 18:32:28.974"/>
</kw>
<kw name="Get Value From Json" library="JSONLibrary">
<var>${expected_job}</var>
<arg>${json_obj}</arg>
<arg>POSTRequest.job</arg>
<doc>Get Value From JSON using JSONPath</doc>
<msg timestamp="20221219 18:32:28.996" level="INFO">${expected_job} = ['Nurse']</msg>
<status status="PASS" starttime="20221219 18:32:28.974" endtime="20221219 18:32:28.996"/>
</kw>
<kw name="Create Session" library="RequestsLibrary">
<arg>mysession</arg>
<arg>@{baseUrl}</arg>
<doc>Create Session: create a HTTP session to a server</doc>
<msg timestamp="20221219 18:32:28.997" level="INFO">Creating Session using : alias=mysession, url=https://reqres.in, headers={},                     cookies={}, auth=None, timeout=None, proxies=None, verify=False,                     debug=0 </msg>
<status status="PASS" starttime="20221219 18:32:28.997" endtime="20221219 18:32:28.997"/>
</kw>
<kw name="Set Variable" library="BuiltIn">
<var>${endpoint}</var>
<arg>@{endpoint}</arg>
<doc>Returns the given values which can then be assigned to a variables.</doc>
<msg timestamp="20221219 18:32:28.997" level="INFO">${endpoint} = /api/users</msg>
<status status="PASS" starttime="20221219 18:32:28.997" endtime="20221219 18:32:28.997"/>
</kw>
<kw name="Create Dictionary" library="BuiltIn">
<var>${body}</var>
<arg>name= ${expected_name[0]}</arg>
<arg>job= ${expected_job[0]}</arg>
<doc>Creates and returns a dictionary based on the given ``items``.</doc>
<msg timestamp="20221219 18:32:28.999" level="INFO">${body} = {'name': ' John', 'job': ' Nurse'}</msg>
<status status="PASS" starttime="20221219 18:32:28.998" endtime="20221219 18:32:28.999"/>
</kw>
<kw name="Create Dictionary" library="BuiltIn">
<var>${header}</var>
<arg>Content-Type=application/json</arg>
<doc>Creates and returns a dictionary based on the given ``items``.</doc>
<msg timestamp="20221219 18:32:28.999" level="INFO">${header} = {'Content-Type': 'application/json'}</msg>
<status status="PASS" starttime="20221219 18:32:28.999" endtime="20221219 18:32:28.999"/>
</kw>
<kw name="POST On Session" library="RequestsLibrary">
<var>${response}</var>
<arg>mysession</arg>
<arg>${endpoint}</arg>
<arg>json=${body}</arg>
<arg>headers=${header}</arg>
<doc>Sends a POST request on a previously created HTTP Session.</doc>
<msg timestamp="20221219 18:32:29.797" level="INFO">POST Request : url=https://reqres.in/api/users 
 path_url=/api/users 
 headers={'User-Agent': 'python-requests/2.28.1', 'Accept-Encoding': 'gzip, deflate, br', 'Accept': '*/*', 'Connection': 'keep-alive', 'Content-Type': 'application/json', 'Content-Length': '34'} 
 body=b'{"name": " John", "job": " Nurse"}' 
 </msg>
<msg timestamp="20221219 18:32:29.797" level="INFO">POST Response : url=https://reqres.in/api/users 
 status=201, reason=Created 
 headers={'Date': 'Mon, 19 Dec 2022 10:32:30 GMT', 'Content-Type': 'application/json; charset=utf-8', 'Content-Length': '81', 'Connection': 'keep-alive', 'X-Powered-By': 'Express', 'Access-Control-Allow-Origin': '*', 'Etag': 'W/"51-6clh0xrHLq8jouZVvEO7kSvcE74"', 'Via': '1.1 vegur', 'CF-Cache-Status': 'DYNAMIC', 'Report-To': '{"endpoints":[{"url":"https:\\/\\/a.nel.cloudflare.com\\/report\\/v3?s=zhqeW0gOe%2F%2BFqzkAiDHu0qS8nHX0DstfSV4xpwNVXnmXcZmKxIVw8yvkmTHuP2xJmoJbfcdDu35oOqtn3Nadw%2BhvNFOgNrIiCKR%2Fm1rhymZfMBSmx2A%2B%2BQBR4g%3D%3D"}],"group":"cf-nel","max_age":604800}', 'NEL': '{"success_fraction":0,"report_to":"cf-nel","max_age":604800}', 'Server': 'cloudflare', 'CF-RAY': '77bf79815ab69fb3-SIN'} 
 body={"name":" John","job":" Nurse","id":"690","createdAt":"2022-12-19T10:32:29.950Z"} 
 </msg>
<msg timestamp="20221219 18:32:29.797" level="INFO">/Library/Frameworks/Python.framework/Versions/3.10/lib/python3.10/site-packages/urllib3/connectionpool.py:1045: InsecureRequestWarning: Unverified HTTPS request is being made to host 'reqres.in'. Adding certificate verification is strongly advised. See: https://urllib3.readthedocs.io/en/1.26.x/advanced-usage.html#ssl-warnings
  warnings.warn(</msg>
<msg timestamp="20221219 18:32:29.798" level="INFO">${response} = &lt;Response [201]&gt;</msg>
<status status="PASS" starttime="20221219 18:32:28.999" endtime="20221219 18:32:29.798"/>
</kw>
<kw name="Convert To String" library="BuiltIn">
<var>${status_response}</var>
<arg>${response.status_code}</arg>
<doc>Converts the given item to a Unicode string.</doc>
<msg timestamp="20221219 18:32:29.799" level="INFO">${status_response} = 201</msg>
<status status="PASS" starttime="20221219 18:32:29.798" endtime="20221219 18:32:29.799"/>
</kw>
<kw name="Get From Dictionary" library="Collections">
<var>${getHeaderValue}</var>
<arg>${response.headers}</arg>
<arg>Content-Type</arg>
<doc>Returns a value from the given ``dictionary`` based on the given ``key``.</doc>
<msg timestamp="20221219 18:32:29.800" level="INFO">${getHeaderValue} = application/json; charset=utf-8</msg>
<status status="PASS" starttime="20221219 18:32:29.799" endtime="20221219 18:32:29.800"/>
</kw>
<kw name="Set Variable" library="BuiltIn">
<var>${response_body}</var>
<arg>${response.json()}</arg>
<doc>Returns the given values which can then be assigned to a variables.</doc>
<msg timestamp="20221219 18:32:29.801" level="INFO">${response_body} = {'name': ' John', 'job': ' Nurse', 'id': '690', 'createdAt': '2022-12-19T10:32:29.950Z'}</msg>
<status status="PASS" starttime="20221219 18:32:29.800" endtime="20221219 18:32:29.801"/>
</kw>
<kw name="Get Value From Json" library="JSONLibrary">
<var>${data_name}</var>
<arg>${response_body}</arg>
<arg>name</arg>
<doc>Get Value From JSON using JSONPath</doc>
<msg timestamp="20221219 18:32:29.821" level="INFO">${data_name} = [' John']</msg>
<status status="PASS" starttime="20221219 18:32:29.801" endtime="20221219 18:32:29.821"/>
</kw>
<kw name="Log To Console" library="BuiltIn">
<arg>${response_body}</arg>
<doc>Logs the given message to the console.</doc>
<status status="PASS" starttime="20221219 18:32:29.822" endtime="20221219 18:32:29.822"/>
</kw>
<kw name="Should Be Equal" library="BuiltIn">
<arg>${status_response}</arg>
<arg>201</arg>
<doc>Fails if the given objects are unequal.</doc>
<status status="PASS" starttime="20221219 18:32:29.822" endtime="20221219 18:32:29.822"/>
</kw>
<kw name="Should Be Equal" library="BuiltIn">
<arg>${getHeaderValue}</arg>
<arg>application/json; charset=utf-8</arg>
<doc>Fails if the given objects are unequal.</doc>
<status status="PASS" starttime="20221219 18:32:29.822" endtime="20221219 18:32:29.823"/>
</kw>
<kw name="Should Be Equal" library="BuiltIn">
<arg>${data_name[0].strip()}</arg>
<arg>${expected_name[0].strip()}</arg>
<doc>Fails if the given objects are unequal.</doc>
<status status="PASS" starttime="20221219 18:32:29.823" endtime="20221219 18:32:29.824"/>
</kw>
<status status="PASS" starttime="20221219 18:32:28.915" endtime="20221219 18:32:29.824"/>
</test>
<test id="s1-t3" name="Verify PUT Request and validate the response code and response body" line="62">
<kw name="Load Json From File" library="JSONLibrary">
<var>${json_obj}</var>
<arg>${testdata_location}</arg>
<doc>Load JSON from file.</doc>
<msg timestamp="20221219 18:32:29.825" level="INFO">${json_obj} = {'BaseUrl': {'baseUrl': 'https://reqres.in'}, 'GETRequest': {'endpoint': '/api/users/2', 'email': 'janet.weaver@reqres.in', 'first_name': 'Janet', 'last_name': 'Weaver'}, 'POSTRequest': {'endpoint': '...</msg>
<status status="PASS" starttime="20221219 18:32:29.825" endtime="20221219 18:32:29.826"/>
</kw>
<kw name="Get Value From Json" library="JSONLibrary">
<var>${baseUrl}</var>
<arg>${json_obj}</arg>
<arg>BaseUrl.baseUrl</arg>
<doc>Get Value From JSON using JSONPath</doc>
<msg timestamp="20221219 18:32:29.845" level="INFO">${baseUrl} = ['https://reqres.in']</msg>
<status status="PASS" starttime="20221219 18:32:29.827" endtime="20221219 18:32:29.845"/>
</kw>
<kw name="Get Value From Json" library="JSONLibrary">
<var>${endpoint}</var>
<arg>${json_obj}</arg>
<arg>PUTRequest.endpoint</arg>
<doc>Get Value From JSON using JSONPath</doc>
<msg timestamp="20221219 18:32:29.865" level="INFO">${endpoint} = ['/api/users/2']</msg>
<status status="PASS" starttime="20221219 18:32:29.845" endtime="20221219 18:32:29.865"/>
</kw>
<kw name="Get Value From Json" library="JSONLibrary">
<var>${expected_name}</var>
<arg>${json_obj}</arg>
<arg>PUTRequest.name</arg>
<doc>Get Value From JSON using JSONPath</doc>
<msg timestamp="20221219 18:32:29.884" level="INFO">${expected_name} = ['Jess']</msg>
<status status="PASS" starttime="20221219 18:32:29.865" endtime="20221219 18:32:29.884"/>
</kw>
<kw name="Get Value From Json" library="JSONLibrary">
<var>${expected_job}</var>
<arg>${json_obj}</arg>
<arg>PUTRequest.job</arg>
<doc>Get Value From JSON using JSONPath</doc>
<msg timestamp="20221219 18:32:29.902" level="INFO">${expected_job} = ['QA']</msg>
<status status="PASS" starttime="20221219 18:32:29.884" endtime="20221219 18:32:29.902"/>
</kw>
<kw name="Create Session" library="RequestsLibrary">
<arg>mysession</arg>
<arg>${baseUrl[0]}</arg>
<doc>Create Session: create a HTTP session to a server</doc>
<msg timestamp="20221219 18:32:29.903" level="INFO">Creating Session using : alias=mysession, url=https://reqres.in, headers={},                     cookies={}, auth=None, timeout=None, proxies=None, verify=False,                     debug=0 </msg>
<status status="PASS" starttime="20221219 18:32:29.903" endtime="20221219 18:32:29.904"/>
</kw>
<kw name="Set Variable" library="BuiltIn">
<var>${endpoint}</var>
<arg>${endpoint[0]}</arg>
<doc>Returns the given values which can then be assigned to a variables.</doc>
<msg timestamp="20221219 18:32:29.905" level="INFO">${endpoint} = /api/users/2</msg>
<status status="PASS" starttime="20221219 18:32:29.904" endtime="20221219 18:32:29.905"/>
</kw>
<kw name="Create Dictionary" library="BuiltIn">
<var>${body}</var>
<arg>name=${expected_name[0]}</arg>
<arg>job= ${expected_job[0]}</arg>
<doc>Creates and returns a dictionary based on the given ``items``.</doc>
<msg timestamp="20221219 18:32:29.906" level="INFO">${body} = {'name': 'Jess', 'job': ' QA'}</msg>
<status status="PASS" starttime="20221219 18:32:29.905" endtime="20221219 18:32:29.906"/>
</kw>
<kw name="Create Dictionary" library="BuiltIn">
<var>${header}</var>
<arg>Content-Type=application/json</arg>
<doc>Creates and returns a dictionary based on the given ``items``.</doc>
<msg timestamp="20221219 18:32:29.907" level="INFO">${header} = {'Content-Type': 'application/json'}</msg>
<status status="PASS" starttime="20221219 18:32:29.907" endtime="20221219 18:32:29.907"/>
</kw>
<kw name="PUT On Session" library="RequestsLibrary">
<var>${response}</var>
<arg>mysession</arg>
<arg>${endpoint}</arg>
<arg>json=${body}</arg>
<arg>headers=${header}</arg>
<doc>Sends a PUT request on a previously created HTTP Session.</doc>
<msg timestamp="20221219 18:32:30.571" level="INFO">PUT Request : url=https://reqres.in/api/users/2 
 path_url=/api/users/2 
 headers={'User-Agent': 'python-requests/2.28.1', 'Accept-Encoding': 'gzip, deflate, br', 'Accept': '*/*', 'Connection': 'keep-alive', 'Content-Type': 'application/json', 'Content-Length': '30'} 
 body=b'{"name": "Jess", "job": " QA"}' 
 </msg>
<msg timestamp="20221219 18:32:30.571" level="INFO">PUT Response : url=https://reqres.in/api/users/2 
 status=200, reason=OK 
 headers={'Date': 'Mon, 19 Dec 2022 10:32:30 GMT', 'Content-Type': 'application/json; charset=utf-8', 'Transfer-Encoding': 'chunked', 'Connection': 'keep-alive', 'X-Powered-By': 'Express', 'Access-Control-Allow-Origin': '*', 'Etag': 'W/"42-/uJlAElrmAmHEEILFBZ3h36oqYY"', 'Via': '1.1 vegur', 'CF-Cache-Status': 'DYNAMIC', 'Report-To': '{"endpoints":[{"url":"https:\\/\\/a.nel.cloudflare.com\\/report\\/v3?s=iZNM18AGQ%2BmuS6v%2Bb4oDzYS%2F7MUWbLmIivW1EdKg03%2F%2FlBMWNF2aFPa7z7w3ut9bPL1invojIe2nvnqbenwjQdPU3app4ianHwKXD9g%2FxtAVqQdJXBInTPtTqA%3D%3D"}],"group":"cf-nel","max_age":604800}', 'NEL': '{"success_fraction":0,"report_to":"cf-nel","max_age":604800}', 'Vary': 'Accept-Encoding', 'Server': 'cloudflare', 'CF-RAY': '77bf7986eed34643-SIN', 'Content-Encoding': 'br'} 
 body={"name":"Jess","job":" QA","updatedAt":"2022-12-19T10:32:30.828Z"} 
 </msg>
<msg timestamp="20221219 18:32:30.571" level="INFO">/Library/Frameworks/Python.framework/Versions/3.10/lib/python3.10/site-packages/urllib3/connectionpool.py:1045: InsecureRequestWarning: Unverified HTTPS request is being made to host 'reqres.in'. Adding certificate verification is strongly advised. See: https://urllib3.readthedocs.io/en/1.26.x/advanced-usage.html#ssl-warnings
  warnings.warn(</msg>
<msg timestamp="20221219 18:32:30.571" level="INFO">${response} = &lt;Response [200]&gt;</msg>
<status status="PASS" starttime="20221219 18:32:29.907" endtime="20221219 18:32:30.572"/>
</kw>
<kw name="Convert To String" library="BuiltIn">
<var>${status_response}</var>
<arg>${response.status_code}</arg>
<doc>Converts the given item to a Unicode string.</doc>
<msg timestamp="20221219 18:32:30.573" level="INFO">${status_response} = 200</msg>
<status status="PASS" starttime="20221219 18:32:30.572" endtime="20221219 18:32:30.573"/>
</kw>
<kw name="Should Be Equal" library="BuiltIn">
<arg>${status_response}</arg>
<arg>200</arg>
<doc>Fails if the given objects are unequal.</doc>
<status status="PASS" starttime="20221219 18:32:30.573" endtime="20221219 18:32:30.573"/>
</kw>
<kw name="Set Variable" library="BuiltIn">
<var>${response_body}</var>
<arg>${response.json()}</arg>
<doc>Returns the given values which can then be assigned to a variables.</doc>
<msg timestamp="20221219 18:32:30.574" level="INFO">${response_body} = {'name': 'Jess', 'job': ' QA', 'updatedAt': '2022-12-19T10:32:30.828Z'}</msg>
<status status="PASS" starttime="20221219 18:32:30.574" endtime="20221219 18:32:30.574"/>
</kw>
<kw name="Get Value From Json" library="JSONLibrary">
<var>${data_name}</var>
<arg>${response_body}</arg>
<arg>name</arg>
<doc>Get Value From JSON using JSONPath</doc>
<msg timestamp="20221219 18:32:30.595" level="INFO">${data_name} = ['Jess']</msg>
<status status="PASS" starttime="20221219 18:32:30.575" endtime="20221219 18:32:30.595"/>
</kw>
<kw name="Should Be Equal" library="BuiltIn">
<arg>${data_name[0]}</arg>
<arg>${expected_name[0]}</arg>
<doc>Fails if the given objects are unequal.</doc>
<status status="PASS" starttime="20221219 18:32:30.595" endtime="20221219 18:32:30.596"/>
</kw>
<status status="PASS" starttime="20221219 18:32:29.824" endtime="20221219 18:32:30.596"/>
</test>
<test id="s1-t4" name="Verify Delete Request and validate the response code and response body" line="84">
<kw name="Load Json From File" library="JSONLibrary">
<var>${json_obj}</var>
<arg>${testdata_location}</arg>
<doc>Load JSON from file.</doc>
<msg timestamp="20221219 18:32:30.597" level="INFO">${json_obj} = {'BaseUrl': {'baseUrl': 'https://reqres.in'}, 'GETRequest': {'endpoint': '/api/users/2', 'email': 'janet.weaver@reqres.in', 'first_name': 'Janet', 'last_name': 'Weaver'}, 'POSTRequest': {'endpoint': '...</msg>
<status status="PASS" starttime="20221219 18:32:30.597" endtime="20221219 18:32:30.597"/>
</kw>
<kw name="Get Value From Json" library="JSONLibrary">
<var>${baseUrl}</var>
<arg>${json_obj}</arg>
<arg>BaseUrl.baseUrl</arg>
<doc>Get Value From JSON using JSONPath</doc>
<msg timestamp="20221219 18:32:30.617" level="INFO">${baseUrl} = ['https://reqres.in']</msg>
<status status="PASS" starttime="20221219 18:32:30.597" endtime="20221219 18:32:30.617"/>
</kw>
<kw name="Get Value From Json" library="JSONLibrary">
<var>${endpoint}</var>
<arg>${json_obj}</arg>
<arg>DeleteRequest.endpoint</arg>
<doc>Get Value From JSON using JSONPath</doc>
<msg timestamp="20221219 18:32:30.635" level="INFO">${endpoint} = ['/api/users/2']</msg>
<status status="PASS" starttime="20221219 18:32:30.617" endtime="20221219 18:32:30.635"/>
</kw>
<kw name="Create Session" library="RequestsLibrary">
<arg>mysession</arg>
<arg>${baseUrl[0]}</arg>
<doc>Create Session: create a HTTP session to a server</doc>
<msg timestamp="20221219 18:32:30.636" level="INFO">Creating Session using : alias=mysession, url=https://reqres.in, headers={},                     cookies={}, auth=None, timeout=None, proxies=None, verify=False,                     debug=0 </msg>
<status status="PASS" starttime="20221219 18:32:30.635" endtime="20221219 18:32:30.636"/>
</kw>
<kw name="Set Variable" library="BuiltIn">
<var>${endpoint}</var>
<arg>${endpoint[0]}</arg>
<doc>Returns the given values which can then be assigned to a variables.</doc>
<msg timestamp="20221219 18:32:30.637" level="INFO">${endpoint} = /api/users/2</msg>
<status status="PASS" starttime="20221219 18:32:30.636" endtime="20221219 18:32:30.637"/>
</kw>
<kw name="DELETE On Session" library="RequestsLibrary">
<var>${response}</var>
<arg>mysession</arg>
<arg>${endpoint}</arg>
<doc>Sends a DELETE request on a previously created HTTP Session.</doc>
<msg timestamp="20221219 18:32:31.333" level="INFO">DELETE Request : url=https://reqres.in/api/users/2 
 path_url=/api/users/2 
 headers={'User-Agent': 'python-requests/2.28.1', 'Accept-Encoding': 'gzip, deflate, br', 'Accept': '*/*', 'Connection': 'keep-alive', 'Content-Length': '0'} 
 body=None 
 </msg>
<msg timestamp="20221219 18:32:31.333" level="INFO">DELETE Response : url=https://reqres.in/api/users/2 
 status=204, reason=No Content 
 headers={'Date': 'Mon, 19 Dec 2022 10:32:31 GMT', 'Content-Length': '0', 'Connection': 'keep-alive', 'X-Powered-By': 'Express', 'Access-Control-Allow-Origin': '*', 'Etag': 'W/"2-vyGp6PvFo4RvsFtPoIWeCReyIC8"', 'Via': '1.1 vegur', 'CF-Cache-Status': 'DYNAMIC', 'Report-To': '{"endpoints":[{"url":"https:\\/\\/a.nel.cloudflare.com\\/report\\/v3?s=qd2tsIGUfwnSeeoyz897%2FggZL2tpe35UNSg0EgEbZX3lnR0zRfJi7F6AZBw%2B8zZsJ6UwyEoKqQHqS%2Fsmf%2FY9gUy24iz%2B380ipccOu2SthsuYzx3n9lLcy%2Bw2%2FA%3D%3D"}],"group":"cf-nel","max_age":604800}', 'NEL': '{"success_fraction":0,"report_to":"cf-nel","max_age":604800}', 'Server': 'cloudflare', 'CF-RAY': '77bf798b6fa24c95-SIN'} 
 body=None 
 </msg>
<msg timestamp="20221219 18:32:31.333" level="INFO">/Library/Frameworks/Python.framework/Versions/3.10/lib/python3.10/site-packages/urllib3/connectionpool.py:1045: InsecureRequestWarning: Unverified HTTPS request is being made to host 'reqres.in'. Adding certificate verification is strongly advised. See: https://urllib3.readthedocs.io/en/1.26.x/advanced-usage.html#ssl-warnings
  warnings.warn(</msg>
<msg timestamp="20221219 18:32:31.333" level="INFO">${response} = &lt;Response [204]&gt;</msg>
<status status="PASS" starttime="20221219 18:32:30.637" endtime="20221219 18:32:31.333"/>
</kw>
<kw name="Convert To String" library="BuiltIn">
<var>${status_response}</var>
<arg>${response.status_code}</arg>
<doc>Converts the given item to a Unicode string.</doc>
<msg timestamp="20221219 18:32:31.335" level="INFO">${status_response} = 204</msg>
<status status="PASS" starttime="20221219 18:32:31.334" endtime="20221219 18:32:31.335"/>
</kw>
<kw name="Convert To String" library="BuiltIn">
<var>${response_body}</var>
<arg>${response.content}</arg>
<doc>Converts the given item to a Unicode string.</doc>
<msg timestamp="20221219 18:32:31.336" level="INFO">${response_body} = </msg>
<status status="PASS" starttime="20221219 18:32:31.335" endtime="20221219 18:32:31.336"/>
</kw>
<kw name="Should Be Equal" library="BuiltIn">
<arg>${status_response}</arg>
<arg>204</arg>
<doc>Fails if the given objects are unequal.</doc>
<status status="PASS" starttime="20221219 18:32:31.336" endtime="20221219 18:32:31.336"/>
</kw>
<kw name="Should Be Empty" library="BuiltIn">
<arg>${response_body}</arg>
<doc>Verifies that the given item is empty.</doc>
<msg timestamp="20221219 18:32:31.336" level="INFO">Length is 0</msg>
<status status="PASS" starttime="20221219 18:32:31.336" endtime="20221219 18:32:31.337"/>
</kw>
<kw name="Should Be Empty" library="BuiltIn">
<arg>${response_body}</arg>
<doc>Verifies that the given item is empty.</doc>
<msg timestamp="20221219 18:32:31.337" level="INFO">Length is 0</msg>
<status status="PASS" starttime="20221219 18:32:31.337" endtime="20221219 18:32:31.337"/>
</kw>
<status status="PASS" starttime="20221219 18:32:30.596" endtime="20221219 18:32:31.337"/>
</test>
<status status="PASS" starttime="20221219 18:32:27.851" endtime="20221219 18:32:31.338"/>
</suite>
<statistics>
<total>
<stat pass="4" fail="0" skip="0">All Tests</stat>
</total>
<tag>
</tag>
<suite>
<stat pass="4" fail="0" skip="0" id="s1" name="RestAPITesting">RestAPITesting</stat>
</suite>
</statistics>
<errors>
</errors>
</robot>
